<?xml version="1.0" encoding="UTF-8"?>
<!-- Generated by org.testng.reporters.JUnitXMLReporter -->
<testsuite ignored="0" hostname="AI3FQ0WS14" failures="0" tests="9" name="Test" time="51.857" errors="0" timestamp="2025-01-06T13:37:55 EST">
  <testcase classname="testCases.TC05_ResetPassword" name="verifyPasswordReset" time="6.907"/>
  <testcase classname="testCases.TC05_ResetPassword" name="verifyPasswordReset" time="4.202"/>
  <testcase classname="testCases.TC05_ResetPassword" name="verifyPasswordReset" time="6.853"/>
  <testcase classname="testCases.TC05_ResetPassword" name="verifyPasswordReset" time="4.797"/>
  <testcase classname="testCases.TC05_ResetPassword" name="verifyPasswordReset" time="6.582"/>
  <testcase classname="testCases.TC05_ResetPassword" name="verifyPasswordReset" time="5.593"/>
  <testcase classname="testCases.TC05_ResetPassword" name="verifyPasswordReset" time="4.003"/>
  <testcase classname="testCases.TC05_ResetPassword" name="verifyPasswordReset" time="4.927"/>
  <testcase classname="testCases.TC05_ResetPassword" name="verifyPasswordReset" time="4.259"/>
</testsuite> <!-- Test -->
