<?xml version="1.0" encoding="UTF-8"?>
<testng-results ignored="0" total="9" passed="9" failed="0" skipped="0">
  <reporter-output>
  </reporter-output>
  <suite started-at="2025-01-06T13:37:03 EST" name="Suite" finished-at="2025-01-06T13:37:55 EST" duration-ms="51857">
    <groups>
      <group name="datadriven">
        <method signature="TC05_ResetPassword.verifyPasswordReset(java.lang.String,java.lang.String,java.lang.String,java.lang.String,java.lang.String,java.lang.String,java.lang.String)[pri:0, instance:testCases.TC05_ResetPassword@4189d70b]" name="verifyPasswordReset" class="testCases.TC05_ResetPassword"/>
      </group> <!-- datadriven -->
    </groups>
    <test started-at="2025-01-06T13:37:03 EST" name="Test" finished-at="2025-01-06T13:37:55 EST" duration-ms="51857">
      <class name="testCases.TC05_ResetPassword">
        <test-method is-config="true" signature="setup(java.lang.String,java.lang.String)[pri:0, instance:testCases.TC05_ResetPassword@4189d70b]" started-at="2025-01-06T13:37:03 EST" name="setup" finished-at="2025-01-06T13:37:05 EST" duration-ms="2179" status="PASS">
          <params>
            <param index="0">
              <value>
                <![CDATA[Windows]]>
              </value>
            </param>
            <param index="1">
              <value>
                <![CDATA[chrome]]>
              </value>
            </param>
          </params>
          <reporter-output>
          </reporter-output>
        </test-method> <!-- setup -->
        <test-method signature="verifyPasswordReset(java.lang.String,java.lang.String,java.lang.String,java.lang.String,java.lang.String,java.lang.String,java.lang.String)[pri:0, instance:testCases.TC05_ResetPassword@4189d70b]" started-at="2025-01-06T13:37:07 EST" name="verifyPasswordReset" data-provider="resetPasswordUserData" finished-at="2025-01-06T13:37:13 EST" duration-ms="6907" status="PASS">
          <params>
            <param index="0">
              <value>
                <![CDATA[gallopadmin]]>
              </value>
            </param>
            <param index="1">
              <value>
                <![CDATA[Jan@2025!]]>
              </value>
            </param>
            <param index="2">
              <value>
                <![CDATA[Standard Agent]]>
              </value>
            </param>
            <param index="3">
              <value>
                <![CDATA[Standard Agent]]>
              </value>
            </param>
            <param index="4">
              <value>
                <![CDATA[Test@aiiflorida.com]]>
              </value>
            </param>
            <param index="5">
              <value>
                <![CDATA[AG1730]]>
              </value>
            </param>
            <param index="6">
              <value>
                <![CDATA[Jan@2025!]]>
              </value>
            </param>
          </params>
          <reporter-output>
          </reporter-output>
        </test-method> <!-- verifyPasswordReset -->
        <test-method signature="verifyPasswordReset(java.lang.String,java.lang.String,java.lang.String,java.lang.String,java.lang.String,java.lang.String,java.lang.String)[pri:0, instance:testCases.TC05_ResetPassword@4189d70b]" started-at="2025-01-06T13:37:13 EST" name="verifyPasswordReset" data-provider="resetPasswordUserData" finished-at="2025-01-06T13:37:18 EST" duration-ms="4202" status="PASS">
          <params>
            <param index="0">
              <value>
                <![CDATA[gallopadmin]]>
              </value>
            </param>
            <param index="1">
              <value>
                <![CDATA[Jan@2025!]]>
              </value>
            </param>
            <param index="2">
              <value>
                <![CDATA[Standard Agent]]>
              </value>
            </param>
            <param index="3">
              <value>
                <![CDATA[Standard Agent]]>
              </value>
            </param>
            <param index="4">
              <value>
                <![CDATA[Test@aiiflorida.com]]>
              </value>
            </param>
            <param index="5">
              <value>
                <![CDATA[AG1171]]>
              </value>
            </param>
            <param index="6">
              <value>
                <![CDATA[Jan@2025!]]>
              </value>
            </param>
          </params>
          <reporter-output>
          </reporter-output>
        </test-method> <!-- verifyPasswordReset -->
        <test-method signature="verifyPasswordReset(java.lang.String,java.lang.String,java.lang.String,java.lang.String,java.lang.String,java.lang.String,java.lang.String)[pri:0, instance:testCases.TC05_ResetPassword@4189d70b]" started-at="2025-01-06T13:37:18 EST" name="verifyPasswordReset" data-provider="resetPasswordUserData" finished-at="2025-01-06T13:37:25 EST" duration-ms="6853" status="PASS">
          <params>
            <param index="0">
              <value>
                <![CDATA[gallopadmin]]>
              </value>
            </param>
            <param index="1">
              <value>
                <![CDATA[Jan@2025!]]>
              </value>
            </param>
            <param index="2">
              <value>
                <![CDATA[Gold/Diamond Agent]]>
              </value>
            </param>
            <param index="3">
              <value>
                <![CDATA[Gold/Diamond Agent]]>
              </value>
            </param>
            <param index="4">
              <value>
                <![CDATA[Test@aiiflorida.com]]>
              </value>
            </param>
            <param index="5">
              <value>
                <![CDATA[AG1529]]>
              </value>
            </param>
            <param index="6">
              <value>
                <![CDATA[Jan@2025!]]>
              </value>
            </param>
          </params>
          <reporter-output>
          </reporter-output>
        </test-method> <!-- verifyPasswordReset -->
        <test-method signature="verifyPasswordReset(java.lang.String,java.lang.String,java.lang.String,java.lang.String,java.lang.String,java.lang.String,java.lang.String)[pri:0, instance:testCases.TC05_ResetPassword@4189d70b]" started-at="2025-01-06T13:37:25 EST" name="verifyPasswordReset" data-provider="resetPasswordUserData" finished-at="2025-01-06T13:37:29 EST" duration-ms="4797" status="PASS">
          <params>
            <param index="0">
              <value>
                <![CDATA[gallopadmin]]>
              </value>
            </param>
            <param index="1">
              <value>
                <![CDATA[Jan@2025!]]>
              </value>
            </param>
            <param index="2">
              <value>
                <![CDATA[Gold/Diamond Agent]]>
              </value>
            </param>
            <param index="3">
              <value>
                <![CDATA[Gold/Diamond Agent]]>
              </value>
            </param>
            <param index="4">
              <value>
                <![CDATA[Test@aiiflorida.com]]>
              </value>
            </param>
            <param index="5">
              <value>
                <![CDATA[AG6718]]>
              </value>
            </param>
            <param index="6">
              <value>
                <![CDATA[Jan@2025!]]>
              </value>
            </param>
          </params>
          <reporter-output>
          </reporter-output>
        </test-method> <!-- verifyPasswordReset -->
        <test-method signature="verifyPasswordReset(java.lang.String,java.lang.String,java.lang.String,java.lang.String,java.lang.String,java.lang.String,java.lang.String)[pri:0, instance:testCases.TC05_ResetPassword@4189d70b]" started-at="2025-01-06T13:37:29 EST" name="verifyPasswordReset" data-provider="resetPasswordUserData" finished-at="2025-01-06T13:37:36 EST" duration-ms="6582" status="PASS">
          <params>
            <param index="0">
              <value>
                <![CDATA[gallopadmin]]>
              </value>
            </param>
            <param index="1">
              <value>
                <![CDATA[Jan@2025!]]>
              </value>
            </param>
            <param index="2">
              <value>
                <![CDATA[Westwood Builder Agent]]>
              </value>
            </param>
            <param index="3">
              <value>
                <![CDATA[Westwood Builder Agent]]>
              </value>
            </param>
            <param index="4">
              <value>
                <![CDATA[Test@aiiflorida.com]]>
              </value>
            </param>
            <param index="5">
              <value>
                <![CDATA[AG8134]]>
              </value>
            </param>
            <param index="6">
              <value>
                <![CDATA[Jan@2025!]]>
              </value>
            </param>
          </params>
          <reporter-output>
          </reporter-output>
        </test-method> <!-- verifyPasswordReset -->
        <test-method signature="verifyPasswordReset(java.lang.String,java.lang.String,java.lang.String,java.lang.String,java.lang.String,java.lang.String,java.lang.String)[pri:0, instance:testCases.TC05_ResetPassword@4189d70b]" started-at="2025-01-06T13:37:36 EST" name="verifyPasswordReset" data-provider="resetPasswordUserData" finished-at="2025-01-06T13:37:42 EST" duration-ms="5593" status="PASS">
          <params>
            <param index="0">
              <value>
                <![CDATA[gallopadmin]]>
              </value>
            </param>
            <param index="1">
              <value>
                <![CDATA[Jan@2025!]]>
              </value>
            </param>
            <param index="2">
              <value>
                <![CDATA[Policy Agent Gold Or Diamond]]>
              </value>
            </param>
            <param index="3">
              <value>
                <![CDATA[Policy Agent Gold Or Diamond]]>
              </value>
            </param>
            <param index="4">
              <value>
                <![CDATA[Test@aiiflorida.com]]>
              </value>
            </param>
            <param index="5">
              <value>
                <![CDATA[AG8735]]>
              </value>
            </param>
            <param index="6">
              <value>
                <![CDATA[Jan@2025!]]>
              </value>
            </param>
          </params>
          <reporter-output>
          </reporter-output>
        </test-method> <!-- verifyPasswordReset -->
        <test-method signature="verifyPasswordReset(java.lang.String,java.lang.String,java.lang.String,java.lang.String,java.lang.String,java.lang.String,java.lang.String)[pri:0, instance:testCases.TC05_ResetPassword@4189d70b]" started-at="2025-01-06T13:37:42 EST" name="verifyPasswordReset" data-provider="resetPasswordUserData" finished-at="2025-01-06T13:37:46 EST" duration-ms="4003" status="PASS">
          <params>
            <param index="0">
              <value>
                <![CDATA[gallopadmin]]>
              </value>
            </param>
            <param index="1">
              <value>
                <![CDATA[Jan@2025!]]>
              </value>
            </param>
            <param index="2">
              <value>
                <![CDATA[Standard Agent]]>
              </value>
            </param>
            <param index="3">
              <value>
                <![CDATA[Standard Agent]]>
              </value>
            </param>
            <param index="4">
              <value>
                <![CDATA[Test@aiiflorida.com]]>
              </value>
            </param>
            <param index="5">
              <value>
                <![CDATA[AG9077]]>
              </value>
            </param>
            <param index="6">
              <value>
                <![CDATA[Jan@2025!]]>
              </value>
            </param>
          </params>
          <reporter-output>
          </reporter-output>
        </test-method> <!-- verifyPasswordReset -->
        <test-method signature="verifyPasswordReset(java.lang.String,java.lang.String,java.lang.String,java.lang.String,java.lang.String,java.lang.String,java.lang.String)[pri:0, instance:testCases.TC05_ResetPassword@4189d70b]" started-at="2025-01-06T13:37:46 EST" name="verifyPasswordReset" data-provider="resetPasswordUserData" finished-at="2025-01-06T13:37:50 EST" duration-ms="4927" status="PASS">
          <params>
            <param index="0">
              <value>
                <![CDATA[gallopadmin]]>
              </value>
            </param>
            <param index="1">
              <value>
                <![CDATA[Jan@2025!]]>
              </value>
            </param>
            <param index="2">
              <value>
                <![CDATA[Agent Limited]]>
              </value>
            </param>
            <param index="3">
              <value>
                <![CDATA[Agent Limited]]>
              </value>
            </param>
            <param index="4">
              <value>
                <![CDATA[Test@aiiflorida.com]]>
              </value>
            </param>
            <param index="5">
              <value>
                <![CDATA[AG0005]]>
              </value>
            </param>
            <param index="6">
              <value>
                <![CDATA[Jan@2025!]]>
              </value>
            </param>
          </params>
          <reporter-output>
          </reporter-output>
        </test-method> <!-- verifyPasswordReset -->
        <test-method signature="verifyPasswordReset(java.lang.String,java.lang.String,java.lang.String,java.lang.String,java.lang.String,java.lang.String,java.lang.String)[pri:0, instance:testCases.TC05_ResetPassword@4189d70b]" started-at="2025-01-06T13:37:50 EST" name="verifyPasswordReset" data-provider="resetPasswordUserData" finished-at="2025-01-06T13:37:55 EST" duration-ms="4259" status="PASS">
          <params>
            <param index="0">
              <value>
                <![CDATA[gallopadmin]]>
              </value>
            </param>
            <param index="1">
              <value>
                <![CDATA[Jan@2025!]]>
              </value>
            </param>
            <param index="2">
              <value>
                <![CDATA[Policy Standard Agent - Pinnacle]]>
              </value>
            </param>
            <param index="3">
              <value>
                <![CDATA[Policy Standard Agent - Pinnacle]]>
              </value>
            </param>
            <param index="4">
              <value>
                <![CDATA[Test@aiiflorida.com]]>
              </value>
            </param>
            <param index="5">
              <value>
                <![CDATA[AG5959]]>
              </value>
            </param>
            <param index="6">
              <value>
                <![CDATA[Jan@2025!]]>
              </value>
            </param>
          </params>
          <reporter-output>
          </reporter-output>
        </test-method> <!-- verifyPasswordReset -->
        <test-method is-config="true" signature="teardown()[pri:0, instance:testCases.TC05_ResetPassword@4189d70b]" started-at="2025-01-06T13:37:55 EST" name="teardown" finished-at="2025-01-06T13:37:55 EST" duration-ms="236" status="PASS">
          <reporter-output>
          </reporter-output>
        </test-method> <!-- teardown -->
      </class> <!-- testCases.TC05_ResetPassword -->
    </test> <!-- Test -->
  </suite> <!-- Suite -->
</testng-results>
