<?xml version="1.0" encoding="UTF-8"?>
<testng-results ignored="0" total="1" passed="0" failed="1" skipped="0">
  <reporter-output>
  </reporter-output>
  <suite started-at="2024-11-08T14:07:54 EST" name="Suite" finished-at="2024-11-08T14:08:19 EST" duration-ms="25771">
    <groups>
      <group name="regression">
        <method signature="TC03_CopyProviderCode.verify_copy_provider(java.lang.String,java.lang.String,java.lang.String,java.lang.String,java.lang.String,java.lang.String,java.lang.String,java.lang.String,java.lang.String,java.lang.String)[pri:0, instance:testCases.TC03_UpdateProviderCodeInformation@79351f41]" name="verify_copy_provider" class="testCases.TC03_UpdateProviderCodeInformation"/>
      </group> <!-- regression -->
    </groups>
    <test started-at="2024-11-08T14:07:54 EST" name="Test" finished-at="2024-11-08T14:08:19 EST" duration-ms="25771">
      <class name="testCases.TC03_UpdateProviderCodeInformation">
        <test-method is-config="true" signature="setup(java.lang.String,java.lang.String)[pri:0, instance:testCases.TC03_UpdateProviderCodeInformation@79351f41]" started-at="2024-11-08T14:07:54 EST" name="setup" finished-at="2024-11-08T14:08:16 EST" duration-ms="21905" status="PASS">
          <params>
            <param index="0">
              <value>
                <![CDATA[Windows]]>
              </value>
            </param>
            <param index="1">
              <value>
                <![CDATA[chrome]]>
              </value>
            </param>
          </params>
          <reporter-output>
          </reporter-output>
        </test-method> <!-- setup -->
        <test-method signature="verify_copy_provider(java.lang.String,java.lang.String,java.lang.String,java.lang.String,java.lang.String,java.lang.String,java.lang.String,java.lang.String,java.lang.String,java.lang.String)[pri:0, instance:testCases.TC03_UpdateProviderCodeInformation@79351f41]" started-at="2024-11-08T14:08:16 EST" name="verify_copy_provider" data-provider="providerData" finished-at="2024-11-08T14:08:19 EST" duration-ms="2544" status="FAIL">
          <exception class="org.testng.internal.reflect.MethodMatcherException">
            <message>
              <![CDATA[
[public void testCases.TC03_UpdateProviderCodeInformation.verify_copy_provider(java.lang.String,java.lang.String,java.lang.String,java.lang.String,java.lang.String,java.lang.String,java.lang.String,java.lang.String,java.lang.String,java.lang.String)] has no parameters defined but was found to be using a data provider (either explicitly specified or inherited from class level annotation).
Data provider mismatch
Method: verify_copy_provider([java.lang.String arg0, java.lang.String arg1, java.lang.String arg2, java.lang.String arg3, java.lang.String arg4, java.lang.String arg5, java.lang.String arg6, java.lang.String arg7, java.lang.String arg8, java.lang.String arg9])
Arguments: [(java.lang.String) srajendran,(java.lang.String) October@2024!,(java.lang.String) Jeeva,(java.lang.String) Manor,(java.lang.String) 813 544 0847,(java.lang.String) W855744,(java.lang.String) 12/31/99,(java.lang.String) JeevaManor@aiiflorida.com,(java.lang.String) Michelle Ivicak,(java.lang.String) Adjuster I,(java.lang.String) CA0DJ7]]]>
            </message>
            <full-stacktrace>
              <![CDATA[org.testng.internal.reflect.MethodMatcherException: 
[public void testCases.TC03_UpdateProviderCodeInformation.verify_copy_provider(java.lang.String,java.lang.String,java.lang.String,java.lang.String,java.lang.String,java.lang.String,java.lang.String,java.lang.String,java.lang.String,java.lang.String)] has no parameters defined but was found to be using a data provider (either explicitly specified or inherited from class level annotation).
Data provider mismatch
Method: verify_copy_provider([java.lang.String arg0, java.lang.String arg1, java.lang.String arg2, java.lang.String arg3, java.lang.String arg4, java.lang.String arg5, java.lang.String arg6, java.lang.String arg7, java.lang.String arg8, java.lang.String arg9])
Arguments: [(java.lang.String) srajendran,(java.lang.String) October@2024!,(java.lang.String) Jeeva,(java.lang.String) Manor,(java.lang.String) 813 544 0847,(java.lang.String) W855744,(java.lang.String) 12/31/99,(java.lang.String) JeevaManor@aiiflorida.com,(java.lang.String) Michelle Ivicak,(java.lang.String) Adjuster I,(java.lang.String) CA0DJ7]
at org.testng.internal.reflect.DataProviderMethodMatcher.getConformingArguments(DataProviderMethodMatcher.java:46)
at org.testng.internal.Parameters.injectParameters(Parameters.java:915)
at org.testng.internal.invokers.MethodRunner.runInSequence(MethodRunner.java:50)
at org.testng.internal.invokers.TestInvoker$MethodInvocationAgent.invoke(TestInvoker.java:992)
at org.testng.internal.invokers.TestInvoker.invokeTestMethods(TestInvoker.java:203)
at org.testng.internal.invokers.TestMethodWorker.invokeTestMethods(TestMethodWorker.java:154)
at org.testng.internal.invokers.TestMethodWorker.run(TestMethodWorker.java:134)
at java.base/java.util.ArrayList.forEach(ArrayList.java:1511)
at org.testng.TestRunner.privateRun(TestRunner.java:739)
at org.testng.TestRunner.run(TestRunner.java:614)
at org.testng.SuiteRunner.runTest(SuiteRunner.java:421)
at org.testng.SuiteRunner.runSequentially(SuiteRunner.java:413)
at org.testng.SuiteRunner.privateRun(SuiteRunner.java:373)
at org.testng.SuiteRunner.run(SuiteRunner.java:312)
at org.testng.SuiteRunnerWorker.runSuite(SuiteRunnerWorker.java:52)
at org.testng.SuiteRunnerWorker.run(SuiteRunnerWorker.java:95)
at org.testng.TestNG.runSuitesSequentially(TestNG.java:1274)
at org.testng.TestNG.runSuitesLocally(TestNG.java:1208)
at org.testng.TestNG.runSuites(TestNG.java:1112)
at org.testng.TestNG.run(TestNG.java:1079)
at org.testng.remote.AbstractRemoteTestNG.run(AbstractRemoteTestNG.java:115)
at org.testng.remote.RemoteTestNG.initAndRun(RemoteTestNG.java:293)
at org.testng.remote.RemoteTestNG.main(RemoteTestNG.java:91)
]]>
            </full-stacktrace>
          </exception> <!-- org.testng.internal.reflect.MethodMatcherException -->
          <reporter-output>
          </reporter-output>
        </test-method> <!-- verify_copy_provider -->
        <test-method is-config="true" signature="teardown()[pri:0, instance:testCases.TC03_UpdateProviderCodeInformation@79351f41]" started-at="2024-11-08T14:08:19 EST" name="teardown" finished-at="2024-11-08T14:08:19 EST" duration-ms="305" status="PASS">
          <reporter-output>
          </reporter-output>
        </test-method> <!-- teardown -->
      </class> <!-- testCases.TC03_UpdateProviderCodeInformation -->
    </test> <!-- Test -->
  </suite> <!-- Suite -->
</testng-results>
